2022/08/25 13:51:57 機器人紀錄
==========================================


[2022-08-25 13:51:57] 事件觸發｜clientUserGuildSettingsUpdate
[2022-08-25 13:51:57] 事件觸發｜clientUserSettingsUpdate
[2022-08-25 13:51:57] 事件觸發｜disconnect
[2022-08-25 13:51:57] 事件觸發｜debug
[2022-08-25 13:51:57] 事件觸發｜error
[2022-08-25 13:51:57] 事件觸發｜warn
[2022-08-25 13:51:57] 事件觸發｜ready
[2022-08-25 13:51:57] 事件觸發｜reconnecting
[2022-08-25 13:51:57] 事件觸發｜errorManager
[2022-08-25 13:51:57] 事件觸發｜guildBanAdd
[2022-08-25 13:51:57] 事件觸發｜guildBanRemove
[2022-08-25 13:51:57] 事件觸發｜channelCreate
[2022-08-25 13:51:57] 事件觸發｜channelUpdate
[2022-08-25 13:51:57] 事件觸發｜channelPinsUpdate
[2022-08-25 13:51:57] 事件觸發｜emojiCreate
[2022-08-25 13:51:57] 事件觸發｜channelDelete
[2022-08-25 13:51:57] 事件觸發｜emojiDelete
[2022-08-25 13:51:57] 事件觸發｜emojiUpdate
[2022-08-25 13:51:57] 事件觸發｜guildCreate
[2022-08-25 13:51:57] 事件觸發｜guildDelete
[2022-08-25 13:51:57] 事件觸發｜guildUnavailable
[2022-08-25 13:51:57] 事件觸發｜guildUpdate
[2022-08-25 13:51:57] 事件觸發｜guildMemberSpeaking
[2022-08-25 13:51:57] 事件觸發｜guildMemberUpdate
[2022-08-25 13:51:57] 事件觸發｜guildMemberAdd
[2022-08-25 13:51:57] 事件觸發｜guildMemberAvailable
[2022-08-25 13:51:57] 事件觸發｜guildMemberRemove
[2022-08-25 13:51:57] 事件觸發｜guildMembersChunk
[2022-08-25 13:51:57] 事件觸發｜interactionCreate
[2022-08-25 13:51:57] 事件觸發｜messageCreate
[2022-08-25 13:51:57] 事件觸發｜messageDelete
[2022-08-25 13:51:57] 事件觸發｜messageUpdate
[2022-08-25 13:51:59]  CONTEXTMENUS｜舉報訊息 刷新完成！ 
[2022-08-25 13:51:59]  COMMAND｜/help 刷新完成！ 

[2022-08-25 13:51:59] 機器人成功上線！
[2022-08-25 13:52:05]  COMMAND｜/info 刷新完成！ 
[2022-08-25 13:52:10]  COMMAND｜/invite 刷新完成！ 
[2022-08-25 13:52:16]  COMMAND｜/ping 刷新完成！ 
[2022-08-25 13:52:21]  COMMAND｜/report 刷新完成！ 
[2022-08-25 13:52:26]  COMMAND｜/bot 刷新完成！ 
[2022-08-25 13:52:32]  COMMAND｜/fun 刷新完成！ 
[2022-08-25 13:52:37]  COMMAND｜/giveaway 刷新完成！ 
[2022-08-25 13:52:43]  COMMAND｜/minecraft 刷新完成！ 
[2022-08-25 13:52:48]  COMMAND｜/together 刷新完成！ 
[2022-08-25 13:52:54]  COMMAND｜/ban 刷新完成！ 
[2022-08-25 13:52:59]  COMMAND｜/kick 刷新完成！ 
[2022-08-25 13:53:04]  COMMAND｜/timeout 刷新完成！ 
[2022-08-25 13:53:10]  COMMAND｜/autoplay 刷新完成！ 
[2022-08-25 13:53:15]  COMMAND｜/filter 刷新完成！ 
[2022-08-25 13:53:21]  COMMAND｜/join 刷新完成！ ╭───────────────────────────────────────────────────────────────────────────
[90m[2022-08-25 13:53:26] [39m訊息創建 事件
成員：星空萬里皆無雲，明天就是你死期，當你看到了日期，讓閻王準備看到你#5980(969570409907367936)
位置：
- 伺服器 櫻花商店 (1007565442463842335) 
- 頻道 #🏹丨owo指令區 (1011523223860555776)
訊息(1012238253837008898)：owo daily 
 
[2022-08-25 13:53:26]  COMMAND｜/jump 刷新完成！ ╭───────────────────────────────────────────────────────────────────────────
[90m[2022-08-25 13:53:31] [39m訊息創建 事件
成員：❀ℓσvεℓყ晨曦₰#7555(909038416363159592)
位置：
- 伺服器 櫻花商店 (1007565442463842335) 
- 頻道 #🛒丨跳蚤市場 (1007579755471716394)
訊息(1012238273361485824)：還是你收點卡awa 
 
[2022-08-25 13:53:32]  COMMAND｜/leave 刷新完成！ 
[2022-08-25 13:53:37]  COMMAND｜/loop 刷新完成！ ╭───────────────────────────────────────────────────────────────────────────
[90m[2022-08-25 13:53:41] [39m訊息創建 事件
成員：ItzDENKO#0513(659039145779527680)
位置：
- 伺服器 櫻花商店 (1007565442463842335) 
- 頻道 #🛒丨跳蚤市場 (1007579755471716394)
訊息(1012238318374760478)：我試試看 
 
[2022-08-25 13:53:43]  COMMAND｜/nowplaying 刷新完成！ 
[2022-08-25 13:53:48]  COMMAND｜/pause 刷新完成！ 
[2022-08-25 13:53:54]  COMMAND｜/play 刷新完成！ 
[2022-08-25 13:53:59]  COMMAND｜/previous 刷新完成！ 
[2022-08-25 13:54:04]  COMMAND｜/queue 刷新完成！ ╭───────────────────────────────────────────────────────────────────────────
[90m[2022-08-25 13:54:04] [39m訊息創建 事件
成員：Kiawm91#0001(902523303795765248)
位置：
- 伺服器 櫻花商店 (1007565442463842335) 
- 頻道 #🛒丨跳蚤市場 (1007579755471716394)
訊息(1012238413367353385)：um 
 
[2022-08-25 13:54:11]  COMMAND｜/resume 刷新完成！ 
[2022-08-25 13:54:16]  COMMAND｜/seek 刷新完成！ 
[2022-08-25 13:54:21]  COMMAND｜/shuffle 刷新完成！ 
[2022-08-25 13:54:27]  COMMAND｜/skip 刷新完成！ ╭───────────────────────────────────────────────────────────────────────────
[90m[2022-08-25 13:54:29] [39m訊息創建 事件
成員：❀ℓσvεℓყ晨曦₰#7555(909038416363159592)
位置：
- 伺服器 櫻花商店 (1007565442463842335) 
- 頻道 #🏹丨owo指令區 (1011523223860555776)
訊息(1012238519596503121)：owo give <@902523303795765248> 30000 
 
[2022-08-25 13:54:32]  COMMAND｜/stop 刷新完成！ 
[2022-08-25 13:54:38]  COMMAND｜/volume 刷新完成！ 
[2022-08-25 13:54:43]  COMMAND｜/developers 刷新完成！ ╭───────────────────────────────────────────────────────────────────────────
[90m[2022-08-25 13:54:45] [39m訊息創建 事件
成員：Kiawm91#0001(902523303795765248)
位置：
- 伺服器 櫻花商店 (1007565442463842335) 
- 頻道 #🏹丨owo指令區 (1011523223860555776)
訊息(1012238583047913532)：? 
 
[2022-08-25 13:54:48]  COMMAND｜/setting 刷新完成！ 
[2022-08-25 13:54:54]  COMMAND｜/setup 刷新完成！ 
[2022-08-25 13:55:33]  INFO｜CHANNEL｜櫻花商店 (1007565442463842335) -   -單子 (1007587797613412392)  : 客服單-藍色星球的小呆貓 (1011871531124670474,文字頻道) 的頻道類別變更：
權限變更: 請看"審核日誌"  
[2022-08-25 13:55:33]  INFO｜CHANNEL｜櫻花商店 (1007565442463842335) -   -單子 (1007587797613412392)  : 客服單-tsai-tsai (1011913238574813194,文字頻道) 的頻道類別變更：
權限變更: 請看"審核日誌"  
[2022-08-25 13:55:33]  INFO｜CHANNEL｜櫻花商店 (1007565442463842335) -   -單子 (1007587797613412392)  : 客服單-𝒷𝓁𝓊𝑒-🐳 (1011929952544895027,文字頻道) 的頻道類別變更：
權限變更: 請看"審核日誌"  
[2022-08-25 13:55:34]  INFO｜CHANNEL｜櫻花商店 (1007565442463842335) -   -單子 (1007587797613412392)  : 客服單-藍色星球的小呆貓 (1011931107303886938,文字頻道) 的頻道類別變更：
權限變更: 請看"審核日誌"  
[2022-08-25 13:55:34]  INFO｜CHANNEL｜櫻花商店 (1007565442463842335) -   -單子 (1007587797613412392)  : 客服單-小虎 (1011931499156746290,文字頻道) 的頻道類別變更：
權限變更: 請看"審核日誌"  
[2022-08-25 13:55:34]  INFO｜CHANNEL｜櫻花商店 (1007565442463842335) -   -單子 (1007587797613412392)  : 客服單-ansejumi (1011932480439320616,文字頻道) 的頻道類別變更：
權限變更: 請看"審核日誌"  
[2022-08-25 13:55:34]  INFO｜CHANNEL｜櫻花商店 (1007565442463842335) -   -單子 (1007587797613412392)  : 客服單-yunhai_tw (1011934679840071740,文字頻道) 的頻道類別變更：
權限變更: 請看"審核日誌"  
[2022-08-25 13:55:34]  INFO｜CHANNEL｜櫻花商店 (1007565442463842335) -   -單子 (1007587797613412392)  : 客服單-蘿《晨止》莉-萬萬歲歲 (1011999289741942805,文字頻道) 的頻道類別變更：
權限變更: 請看"審核日誌"  
[2022-08-25 13:55:34]  INFO｜CHANNEL｜櫻花商店 (1007565442463842335) -   -管理 (1007578054702415892)  : 📃丨管理員須知 (1008206472192213133,文字頻道) 的頻道類別變更：
權限變更: 請看"審核日誌"  
[2022-08-25 13:55:34]  INFO｜CHANNEL｜櫻花商店 (1007565442463842335) -   -管理 (1007578054702415892)  : 💒丨聊天 (1007578239289532456,文字頻道) 的頻道類別變更：
權限變更: 請看"審核日誌"  
[2022-08-25 13:55:34]  INFO｜CHANNEL｜櫻花商店 (1007565442463842335) -   -管理 (1007578054702415892)  : 💒丨聊天丨2 (1011550938533740614,文字頻道) 的頻道類別變更：
權限變更: 請看"審核日誌"  
[2022-08-25 13:55:34]  INFO｜CHANNEL｜櫻花商店 (1007565442463842335) -   -管理 (1007578054702415892)  : 🤖丨管理員指令 (1008207029984309258,文字頻道) 的頻道類別變更：
權限變更: 請看"審核日誌"  
[2022-08-25 13:55:34]  INFO｜CHANNEL｜櫻花商店 (1007565442463842335) -   -管理 (1007578054702415892)  : ✨丨社群更新 (1007578218909413437,文字頻道) 的頻道類別變更：
權限變更: 請看"審核日誌"  
[2022-08-25 13:55:34]  INFO｜CHANNEL｜櫻花商店 (1007565442463842335) -   -管理 (1007578054702415892)  : 📖丨ticket日誌 (1007579084806684762,文字頻道) 的頻道類別變更：
權限變更: 請看"審核日誌"  
[2022-08-25 13:55:34]  INFO｜CHANNEL｜櫻花商店 (1007565442463842335) -   -管理 (1007578054702415892)  : 🎫丨單子存檔 (1007588162249433118,文字頻道) 的頻道類別變更：
權限變更: 請看"審核日誌"  
[2022-08-25 13:55:34]  INFO｜CHANNEL｜櫻花商店 (1007565442463842335) -   -管理 (1007578054702415892)  : 👜丨倉庫 (1010387806666899537,文字頻道) 的頻道類別變更：
權限變更: 請看"審核日誌"  
[2022-08-25 13:55:34]  INFO｜CHANNEL｜櫻花商店 (1007565442463842335) -   -管理 (1007578054702415892)  : 🈸丨管理員申請書 (1011523868244049932,文字頻道) 的頻道類別變更：
權限變更: 請看"審核日誌"  
[2022-08-25 13:55:34]  INFO｜CHANNEL｜櫻花商店 (1007565442463842335) -   -管理 (1007578054702415892)  : 📃丨宣傳文 (1011920785788633088,文字頻道) 的頻道類別變更：
權限變更: 請看"審核日誌"  
[2022-08-25 13:55:34]  INFO｜CHANNEL｜櫻花商店 (1007565442463842335) -   -管理 (1007578054702415892)  : 💵丨還錢錢 (1011935846674481193,文字頻道) 的頻道類別變更：
權限變更: 請看"審核日誌"  
[2022-08-25 13:55:34]  INFO｜CHANNEL｜櫻花商店 (1007565442463842335) -   -[🔰]櫻花商店 (1007576305547608124)  : 📃丨規則 (1007578794061729882,文字頻道) 的頻道類別變更：
權限變更: 請看"審核日誌"  
[2022-08-25 13:55:34]  INFO｜CHANNEL｜櫻花商店 (1007565442463842335) -   -[🔰]櫻花商店 (1007576305547608124)  : 📢丨公告 (1007577998687473745,公告頻道) 的頻道類別變更：
權限變更: 請看"審核日誌"  
[2022-08-25 13:55:34]  INFO｜CHANNEL｜櫻花商店 (1007565442463842335) -   -[🔰]櫻花商店 (1007576305547608124)  : ❤丨身分介紹 (1007581721727864842,文字頻道) 的頻道類別變更：
權限變更: 請看"審核日誌"  
[2022-08-25 13:55:34]  INFO｜CHANNEL｜櫻花商店 (1007565442463842335) -   -[🔰]櫻花商店 (1007576305547608124)  : 📝丨账号解释 (1007652684100276295,文字頻道) 的頻道類別變更：
權限變更: 請看"審核日誌"  
[2022-08-25 13:55:34]  INFO｜CHANNEL｜櫻花商店 (1007565442463842335) -   -[🔰]櫻花商店 (1007576305547608124)  : ✔丨領取身份 (1011527612356624405,文字頻道) 的頻道類別變更：
權限變更: 請看"審核日誌"  
[2022-08-25 13:55:34]  INFO｜CHANNEL｜櫻花商店 (1007565442463842335) -   -[🔰]櫻花商店 (1007576305547608124)  : 💒丨櫻花百貨公司 (1007579435836375151,文字頻道) 的頻道類別變更：
權限變更: 請看"審核日誌"  
[2022-08-25 13:55:34]  INFO｜CHANNEL｜櫻花商店 (1007565442463842335) -   -[🔰]櫻花商店 (1007576305547608124)  : 🧾丨證明 (1008315122856501258,文字頻道) 的頻道類別變更：
權限變更: 請看"審核日誌"  
[2022-08-25 13:55:34]  INFO｜CHANNEL｜櫻花商店 (1007565442463842335) -   -[🔰]櫻花商店 (1007576305547608124)  : 🧧丨donate伺服器 (1007997394220220446,文字頻道) 的頻道類別變更：
權限變更: 請看"審核日誌"  
[2022-08-25 13:55:34]  INFO｜CHANNEL｜櫻花商店 (1007565442463842335) -   -[🔰]櫻花商店 (1007576305547608124)  : 🎈丨minecraft伺服器 (1010472372639375391,文字頻道) 的頻道類別變更：
權限變更: 請看"審核日誌"  
[2022-08-25 13:55:34]  INFO｜CHANNEL｜櫻花商店 (1007565442463842335) -   -[🔰]一般 (1007580885987631165)  : ❓丨問題 (1007990240046235738,文字頻道) 的頻道類別變更：
權限變更: 請看"審核日誌"  
[2022-08-25 13:55:34]  INFO｜CHANNEL｜櫻花商店 (1007565442463842335) -   -[🔰]一般 (1007580885987631165)  : 🚪丨進入 (1007599657905553480,文字頻道) 的頻道類別變更：
權限變更: 請看"審核日誌"  
[2022-08-25 13:55:34]  INFO｜CHANNEL｜櫻花商店 (1007565442463842335) -   -[🔰]一般 (1007580885987631165)  : 💬丨聊天 (1007581373944565850,文字頻道) 的頻道類別變更：
權限變更: 請看"審核日誌"  
[2022-08-25 13:55:34]  INFO｜CHANNEL｜櫻花商店 (1007565442463842335) -   -[🔰]一般 (1007580885987631165)  : 💬丨跨群聊天 (1011492353502101554,文字頻道) 的頻道類別變更：
權限變更: 請看"審核日誌"  
[2022-08-25 13:55:34]  INFO｜CHANNEL｜櫻花商店 (1007565442463842335) -   -[🔰]一般 (1007580885987631165)  : 📎丨這裡打指令 (1007581428114002001,文字頻道) 的頻道類別變更：
權限變更: 請看"審核日誌"  
[2022-08-25 13:55:34]  INFO｜CHANNEL｜櫻花商店 (1007565442463842335) -   -[🔰]一般 (1007580885987631165)  : ⭐丨評價 (1009345016398876733,文字頻道) 的頻道類別變更：
權限變更: 請看"審核日誌"  
[2022-08-25 13:55:34]  INFO｜CHANNEL｜櫻花商店 (1007565442463842335) -   -[🔰]一般 (1007580885987631165)  : ❤丨買家評價 (1007581082327195710,文字頻道) 的頻道類別變更：
權限變更: 請看"審核日誌"  
[2022-08-25 13:55:34]  INFO｜CHANNEL｜櫻花商店 (1007565442463842335) -   -[🔰]一般 (1007580885987631165)  : gen免費與高級 (1011995568190521404,文字頻道) 的頻道類別變更：
權限變更: 請看"審核日誌"  
[2022-08-25 13:55:34]  INFO｜CHANNEL｜櫻花商店 (1007565442463842335) -   -[🔰]一般 (1007580885987631165)  : 💎丨宣傳區 (1007652195010883664,文字頻道) 的頻道類別變更：
權限變更: 請看"審核日誌"  
[2022-08-25 13:55:34]  INFO｜CHANNEL｜櫻花商店 (1007565442463842335) -   -[🔰]一般 (1007580885987631165)  : ↟丨恭喜升等 (1007581558959509575,文字頻道) 的頻道類別變更：
權限變更: 請看"審核日誌"  
[2022-08-25 13:55:34]  INFO｜CHANNEL｜櫻花商店 (1007565442463842335) -   -[🎁]bot遊戲 (1011520994432790559)  : 🏆丨owo攻略區 (1011523060203012106,文字頻道) 的頻道類別變更：
權限變更: 請看"審核日誌"  
[2022-08-25 13:55:34]  INFO｜CHANNEL｜櫻花商店 (1007565442463842335) -   -[🎁]bot遊戲 (1011520994432790559)  : 🏹丨owo指令區 (1011523223860555776,文字頻道) 的頻道類別變更：
權限變更: 請看"審核日誌"  
[2022-08-25 13:55:34]  INFO｜CHANNEL｜櫻花商店 (1007565442463842335) -   -[🎁]bot遊戲 (1011520994432790559)  : 📮丨問題發問區 (1011523911680262174,文字頻道) 的頻道類別變更：
權限變更: 請看"審核日誌"  
[2022-08-25 13:55:34]  INFO｜CHANNEL｜櫻花商店 (1007565442463842335) -   -[🎁]bot遊戲 (1011520994432790559)  : 📜丨任務幫助區 (1011523978000597032,文字頻道) 的頻道類別變更：
權限變更: 請看"審核日誌"  
[2022-08-25 13:55:34]  INFO｜CHANNEL｜櫻花商店 (1007565442463842335) -   -[🔰]想要福利都在這 (1007586980223266868)  : 📦丨有活動 (1007587111773421568,文字頻道) 的頻道類別變更：
權限變更: 請看"審核日誌"  
[2022-08-25 13:55:34]  INFO｜CHANNEL｜櫻花商店 (1007565442463842335) -   -[🔰]想要福利都在這 (1007586980223266868)  : 📦丨免費供應 (1010450067435552769,文字頻道) 的頻道類別變更：
權限變更: 請看"審核日誌"  
[2022-08-25 13:55:34]  INFO｜CHANNEL｜櫻花商店 (1007565442463842335) -   -[🔰]想要福利都在這 (1007586980223266868)  : 📦丨來抽獎 (1007587090869010432,文字頻道) 的頻道類別變更：
權限變更: 請看"審核日誌"  
[2022-08-25 13:55:34]  INFO｜CHANNEL｜櫻花商店 (1007565442463842335) -   -[🔰]想要福利都在這 (1007586980223266868)  : 📦丨來抽獎2 (1009328652795785276,文字頻道) 的頻道類別變更：
權限變更: 請看"審核日誌"  
[2022-08-25 13:55:34]  INFO｜CHANNEL｜櫻花商店 (1007565442463842335) -   -[🔰]想要福利都在這 (1007586980223266868)  : 📦丨來搶劫 (1008249431172337746,文字頻道) 的頻道類別變更：
權限變更: 請看"審核日誌"  
[2022-08-25 13:55:34]  INFO｜CHANNEL｜櫻花商店 (1007565442463842335) -   -[🔰]想要福利都在這 (1007586980223266868)  : 📦丨來搶劫2 (1011915794969534464,文字頻道) 的頻道類別變更：
權限變更: 請看"審核日誌"  
[2022-08-25 13:55:34]  INFO｜CHANNEL｜櫻花商店 (1007565442463842335) -   -[🔰]想要福利都在這 (1007586980223266868)  : 📦丨搶到的證明 (1011907610800291850,文字頻道) 的頻道類別變更：
權限變更: 請看"審核日誌"  
[2022-08-25 13:55:34]  INFO｜CHANNEL｜櫻花商店 (1007565442463842335) -   -語音 (1012185396777594890)  : 音樂指令 (1012185484962824262,文字頻道) 的頻道類別變更：
權限變更: 請看"審核日誌"  
[2022-08-25 13:55:52]  INFO｜CHANNEL｜櫻花商店 - SakuraBOT | 櫻花機器人#2303 (1011994661302321224) 的頻道類別變更：
名稱變更: null -> Sakura助手("!"多功能)
身分組變更: 無法顯示 :/ ╭───────────────────────────────────────────────────────────────────────────
[90m[2022-08-25 13:55:59] [39m訊息創建 事件
成員：Kiawm91#0001(902523303795765248)
位置：
- 伺服器 櫻花商店 (1007565442463842335) 
- 頻道 #📎丨這裡打指令 (1007581428114002001)
訊息(1012238896903495720)：<@578138842117308426> 
 ╭───────────────────────────────────────────────────────────────────────────
[90m[2022-08-25 13:56:45] [39m交互創建 事件
成員：Kiawm91#0001(902523303795765248)
位置：
- 伺服器 櫻花商店 (1007565442463842335) 
- 頻道 #📎丨這裡打指令 (1007581428114002001)
[ (/)斜線 SlashCommand ] 命令(1012239088868401152)： /play query:rickroll
 
[2022-08-25 13:57:56] 事件觸發｜clientUserGuildSettingsUpdate
[2022-08-25 13:57:56] 事件觸發｜clientUserSettingsUpdate
[2022-08-25 13:57:56] 事件觸發｜disconnect
[2022-08-25 13:57:56] 事件觸發｜debug
[2022-08-25 13:57:56] 事件觸發｜error
[2022-08-25 13:57:56] 事件觸發｜warn
[2022-08-25 13:57:56] 事件觸發｜ready
[2022-08-25 13:57:56] 事件觸發｜reconnecting
[2022-08-25 13:57:56] 事件觸發｜errorManager
[2022-08-25 13:57:56] 事件觸發｜guildBanAdd
[2022-08-25 13:57:56] 事件觸發｜guildBanRemove
[2022-08-25 13:57:56] 事件觸發｜channelCreate
[2022-08-25 13:57:56] 事件觸發｜channelDelete
[2022-08-25 13:57:56] 事件觸發｜channelUpdate
[2022-08-25 13:57:56] 事件觸發｜channelPinsUpdate
[2022-08-25 13:57:56] 事件觸發｜emojiCreate
[2022-08-25 13:57:56] 事件觸發｜emojiDelete
[2022-08-25 13:57:56] 事件觸發｜emojiUpdate
[2022-08-25 13:57:56] 事件觸發｜guildCreate
[2022-08-25 13:57:56] 事件觸發｜guildDelete
[2022-08-25 13:57:56] 事件觸發｜guildUnavailable
[2022-08-25 13:57:56] 事件觸發｜guildUpdate
[2022-08-25 13:57:56] 事件觸發｜guildMemberSpeaking
[2022-08-25 13:57:56] 事件觸發｜guildMemberUpdate
[2022-08-25 13:57:56] 事件觸發｜guildMemberAdd
[2022-08-25 13:57:56] 事件觸發｜guildMemberAvailable
[2022-08-25 13:57:56] 事件觸發｜guildMemberRemove
[2022-08-25 13:57:56] 事件觸發｜guildMembersChunk
[2022-08-25 13:57:56] 事件觸發｜interactionCreate
[2022-08-25 13:57:56] 事件觸發｜messageCreate
[2022-08-25 13:57:56] 事件觸發｜messageDelete
[2022-08-25 13:57:56] 事件觸發｜messageUpdate
[2022-08-25 13:57:58]  CONTEXTMENUS｜舉報訊息 刷新完成！ 

[2022-08-25 13:57:58] 機器人成功上線！
[2022-08-25 13:57:58]  COMMAND｜/help 刷新完成！ 
[2022-08-25 13:58:04]  COMMAND｜/info 刷新完成！ 
[2022-08-25 13:58:09]  COMMAND｜/invite 刷新完成！ 
[2022-08-25 13:58:15]  COMMAND｜/ping 刷新完成！ 
[2022-08-25 13:58:20]  COMMAND｜/report 刷新完成！ 
[2022-08-25 13:58:26]  COMMAND｜/bot 刷新完成！ 
[2022-08-25 13:58:31]  COMMAND｜/fun 刷新完成！ 
[2022-08-25 13:58:36]  COMMAND｜/giveaway 刷新完成！ ╭───────────────────────────────────────────────────────────────────────────
[90m[2022-08-25 13:58:38] [39m訊息創建 事件
成員：蘿《晨止》莉 萬萬歲歲#0858(894218915994017842)
位置：
- 伺服器 櫻花商店 (1007565442463842335) 
- 頻道 #💬丨聊天 (1007581373944565850)
訊息(1012239560161374279)：ww 
 
[2022-08-25 13:58:42]  COMMAND｜/minecraft 刷新完成！ 
[2022-08-25 13:58:47]  COMMAND｜/together 刷新完成！ 
[2022-08-25 13:58:52]  COMMAND｜/ban 刷新完成！ 
[2022-08-25 13:58:58]  COMMAND｜/kick 刷新完成！ ╭───────────────────────────────────────────────────────────────────────────
[90m[2022-08-25 13:59:00] [39m訊息創建 事件
成員：seanniu#2259(982596786717851709)
位置：
- 伺服器 櫻花商店 (1007565442463842335) 
- 頻道 #📦丨來抽獎 (1007587090869010432)
訊息(1012239640813633596)：保留到2:40分 
 
[2022-08-25 13:59:03]  COMMAND｜/timeout 刷新完成！ ╭───────────────────────────────────────────────────────────────────────────
[90m[2022-08-25 13:59:08] [39m交互創建 事件
成員：Kiawm91#0001(902523303795765248)
位置：
- 伺服器 櫻花商店 (1007565442463842335) 
- 頻道 #📎丨這裡打指令 (1007581428114002001)
[ (/)斜線 SlashCommand ] 命令(1012239688544829440)： /fun google search:Rickroll
 
[2022-08-25 13:59:09]  COMMAND｜/autoplay 刷新完成！ 
[2022-08-25 13:59:15]  COMMAND｜/filter 刷新完成！ 
[2022-08-25 13:59:20]  COMMAND｜/join 刷新完成！ 
[2022-08-25 13:59:25]  COMMAND｜/jump 刷新完成！ 
[2022-08-25 13:59:31]  COMMAND｜/leave 刷新完成！ 
[2022-08-25 13:59:36]  COMMAND｜/loop 刷新完成！ 
[2022-08-25 13:59:41]  COMMAND｜/nowplaying 刷新完成！ 
[2022-08-25 13:59:47]  COMMAND｜/pause 刷新完成！ 
[2022-08-25 13:59:52]  COMMAND｜/play 刷新完成！ 
[2022-08-25 13:59:57]  COMMAND｜/previous 刷新完成！ 
[2022-08-25 14:00:03]  COMMAND｜/queue 刷新完成！ 
[2022-08-25 14:00:08]  COMMAND｜/resume 刷新完成！ 
[2022-08-25 14:00:14]  COMMAND｜/seek 刷新完成！ 
[2022-08-25 14:00:19]  COMMAND｜/shuffle 刷新完成！ ╭───────────────────────────────────────────────────────────────────────────
[90m[2022-08-25 14:00:24] [39m訊息創建 事件
成員：夢櫻#0001(845861232652058634)
位置：
- 伺服器 櫻花商店 (1007565442463842335) 
- 頻道 #📦丨來抽獎 (1007587090869010432)
訊息(1012240004925378631)：沒有這樣 
 
[2022-08-25 14:00:24]  COMMAND｜/skip 刷新完成！ ╭───────────────────────────────────────────────────────────────────────────
[90m[2022-08-25 14:00:29] [39m訊息創建 事件
成員：Kiawm91#0001(902523303795765248)
位置：
- 伺服器 櫻花商店 (1007565442463842335) 
- 頻道 #📎丨這裡打指令 (1007581428114002001)
訊息(1012240028136636476)：e 
 
[2022-08-25 14:00:30]  COMMAND｜/stop 刷新完成！ ╭───────────────────────────────────────────────────────────────────────────
[90m[2022-08-25 14:00:31] [39m訊息刪除 事件
成員：Kiawm91#0001(902523303795765248)
刪除者：Night_Shadow#0001 (985722712888578149)
位置：
伺服器 - 櫻花商店 (1007565442463842335) 
頻道 - #📎丨這裡打指令 (1007581428114002001)
訊息內容：e 
 
[2022-08-25 14:00:35]  COMMAND｜/volume 刷新完成！ 
[2022-08-25 14:00:41]  COMMAND｜/developers 刷新完成！ 
[2022-08-25 14:00:46]  COMMAND｜/setting 刷新完成！ 
[2022-08-25 14:00:51]  COMMAND｜/setup 刷新完成！ ╭───────────────────────────────────────────────────────────────────────────
[90m[2022-08-25 14:01:08] [39m訊息創建 事件
成員：夢櫻#0001(845861232652058634)
位置：
- 伺服器 櫻花商店 (1007565442463842335) 
- 頻道 #📦丨來抽獎 (1007587090869010432)
訊息(1012240191001481216)：a!timer 10m 
 ╭───────────────────────────────────────────────────────────────────────────
[90m[2022-08-25 14:01:25] [39m訊息刪除 事件
成員：seanniu#2259(982596786717851709)
刪除者：Night_Shadow#0001 (985722712888578149)
位置：
伺服器 - 櫻花商店 (1007565442463842335) 
頻道 - #📦丨來抽獎 (1007587090869010432)
訊息內容：保留到2:40分 
 ╭───────────────────────────────────────────────────────────────────────────
[90m[2022-08-25 14:01:30] [39m交互創建 事件
成員：Kiawm91#0001(902523303795765248)
位置：
- 伺服器 櫻花商店 (1007565442463842335) 
- 頻道 #📎丨這裡打指令 (1007581428114002001)
[ (/)斜線 SlashCommand ] 命令(1012240283771088997)： /join
 
[2022-08-25 14:02:42] 事件觸發｜clientUserGuildSettingsUpdate
[2022-08-25 14:02:42] 事件觸發｜debug
[2022-08-25 14:02:42] 事件觸發｜clientUserSettingsUpdate
[2022-08-25 14:02:42] 事件觸發｜disconnect
[2022-08-25 14:02:42] 事件觸發｜error
[2022-08-25 14:02:42] 事件觸發｜warn
[2022-08-25 14:02:42] 事件觸發｜ready
[2022-08-25 14:02:42] 事件觸發｜reconnecting
[2022-08-25 14:02:42] 事件觸發｜errorManager
[2022-08-25 14:02:42] 事件觸發｜guildBanAdd
[2022-08-25 14:02:42] 事件觸發｜channelCreate
[2022-08-25 14:02:42] 事件觸發｜guildBanRemove
[2022-08-25 14:02:42] 事件觸發｜channelDelete
[2022-08-25 14:02:42] 事件觸發｜channelUpdate
[2022-08-25 14:02:42] 事件觸發｜emojiCreate
[2022-08-25 14:02:42] 事件觸發｜emojiDelete
[2022-08-25 14:02:42] 事件觸發｜channelPinsUpdate
[2022-08-25 14:02:42] 事件觸發｜emojiUpdate
[2022-08-25 14:02:42] 事件觸發｜guildCreate
[2022-08-25 14:02:42] 事件觸發｜guildDelete
[2022-08-25 14:02:42] 事件觸發｜guildUnavailable
[2022-08-25 14:02:42] 事件觸發｜guildUpdate
[2022-08-25 14:02:42] 事件觸發｜guildMemberSpeaking
[2022-08-25 14:02:42] 事件觸發｜guildMemberUpdate
[2022-08-25 14:02:42] 事件觸發｜guildMemberAdd
[2022-08-25 14:02:42] 事件觸發｜guildMemberAvailable
[2022-08-25 14:02:42] 事件觸發｜guildMemberRemove
[2022-08-25 14:02:42] 事件觸發｜guildMembersChunk
[2022-08-25 14:02:42] 事件觸發｜interactionCreate
[2022-08-25 14:02:42] 事件觸發｜messageDelete
[2022-08-25 14:02:42] 事件觸發｜messageCreate
[2022-08-25 14:02:42] 事件觸發｜messageUpdate
[2022-08-25 14:02:44]  CONTEXTMENUS｜舉報訊息 刷新完成！ 

[2022-08-25 14:02:44] 機器人成功上線！
[2022-08-25 14:02:44]  COMMAND｜/help 刷新完成！ 
[2022-08-25 14:02:50]  COMMAND｜/info 刷新完成！ 
[2022-08-25 14:02:55]  COMMAND｜/invite 刷新完成！ 
[2022-08-25 14:03:01]  COMMAND｜/ping 刷新完成！ 
[2022-08-25 14:03:06]  COMMAND｜/report 刷新完成！ 
[2022-08-25 14:03:11]  COMMAND｜/bot 刷新完成！ ╭───────────────────────────────────────────────────────────────────────────
[90m[2022-08-25 14:03:13] [39m訊息創建 事件
成員：Kiawm91#0001(902523303795765248)
位置：
- 伺服器 櫻花商店 (1007565442463842335) 
- 頻道 #📎丨這裡打指令 (1007581428114002001)
訊息(1012240715696316447)：owo 
 
[2022-08-25 14:03:17]  COMMAND｜/fun 刷新完成！ 
[2022-08-25 14:03:22]  COMMAND｜/giveaway 刷新完成！ ╭───────────────────────────────────────────────────────────────────────────
[90m[2022-08-25 14:03:25] [39m交互創建 事件
成員：Kiawm91#0001(902523303795765248)
位置：
- 伺服器 櫻花商店 (1007565442463842335) 
- 頻道 #📎丨這裡打指令 (1007581428114002001)
[ (/)斜線 SlashCommand ] 命令(1012240764941647902)： /fun 8ball text:e
 
[2022-08-25 14:03:28]  COMMAND｜/minecraft 刷新完成！ 
[2022-08-25 14:03:33]  COMMAND｜/together 刷新完成！ 
[2022-08-25 14:03:38]  COMMAND｜/ban 刷新完成！ 
[2022-08-25 14:03:44]  COMMAND｜/kick 刷新完成！ 
[2022-08-25 14:03:49]  COMMAND｜/timeout 刷新完成！ 
[2022-08-25 14:03:54]  COMMAND｜/autoplay 刷新完成！ 
[2022-08-25 14:04:00]  COMMAND｜/filter 刷新完成！ 
[2022-08-25 14:04:05] 事件觸發｜clientUserGuildSettingsUpdate
[2022-08-25 14:04:05] 事件觸發｜disconnect
[2022-08-25 14:04:05] 事件觸發｜clientUserSettingsUpdate
[2022-08-25 14:04:05] 事件觸發｜debug
[2022-08-25 14:04:05] 事件觸發｜error
[2022-08-25 14:04:05] 事件觸發｜warn
[2022-08-25 14:04:05] 事件觸發｜ready
[2022-08-25 14:04:05] 事件觸發｜reconnecting
[2022-08-25 14:04:05] 事件觸發｜errorManager
[2022-08-25 14:04:05] 事件觸發｜guildBanAdd
[2022-08-25 14:04:05] 事件觸發｜guildBanRemove
[2022-08-25 14:04:05] 事件觸發｜channelCreate
[2022-08-25 14:04:05] 事件觸發｜channelDelete
[2022-08-25 14:04:05] 事件觸發｜channelUpdate
[2022-08-25 14:04:05] 事件觸發｜channelPinsUpdate
[2022-08-25 14:04:05] 事件觸發｜emojiCreate
[2022-08-25 14:04:05] 事件觸發｜emojiDelete
[2022-08-25 14:04:05] 事件觸發｜emojiUpdate
[2022-08-25 14:04:05] 事件觸發｜guildCreate
[2022-08-25 14:04:05] 事件觸發｜guildDelete
[2022-08-25 14:04:05] 事件觸發｜guildUnavailable
[2022-08-25 14:04:05] 事件觸發｜guildUpdate
[2022-08-25 14:04:05] 事件觸發｜guildMemberSpeaking
[2022-08-25 14:04:05] 事件觸發｜guildMemberUpdate
[2022-08-25 14:04:05] 事件觸發｜guildMemberAdd
[2022-08-25 14:04:05] 事件觸發｜guildMemberAvailable
[2022-08-25 14:04:05] 事件觸發｜guildMemberRemove
[2022-08-25 14:04:05] 事件觸發｜guildMembersChunk
[2022-08-25 14:04:05] 事件觸發｜interactionCreate
[2022-08-25 14:04:05] 事件觸發｜messageCreate
[2022-08-25 14:04:05] 事件觸發｜messageDelete
[2022-08-25 14:04:05] 事件觸發｜messageUpdate
[2022-08-25 14:04:05]  COMMAND｜/join 刷新完成！ 
[2022-08-25 14:04:07]  CONTEXTMENUS｜舉報訊息 刷新完成！ 

[2022-08-25 14:04:08] 機器人成功上線！
[2022-08-25 14:04:11]  COMMAND｜/jump 刷新完成！ 
[2022-08-25 14:04:11]  COMMAND｜/help 刷新完成！ 
[2022-08-25 14:04:16]  COMMAND｜/leave 刷新完成！ 
[2022-08-25 14:04:16]  COMMAND｜/info 刷新完成！ 
[2022-08-25 14:04:21]  COMMAND｜/loop 刷新完成！ 
[2022-08-25 14:04:31]  COMMAND｜/nowplaying 刷新完成！ 
[2022-08-25 14:04:37]  COMMAND｜/pause 刷新完成！ 
[2022-08-25 14:04:42]  COMMAND｜/play 刷新完成！ ╭───────────────────────────────────────────────────────────────────────────
[90m[2022-08-25 14:04:44] [39m交互創建 事件
成員：Kiawm91#0001(902523303795765248)
位置：
- 伺服器 櫻花商店 (1007565442463842335) 
- 頻道 #📎丨這裡打指令 (1007581428114002001)
[ (/)斜線 SlashCommand ] 命令(1012241095654117396)： /minecraft player playername:Skiawm91
 ╭───────────────────────────────────────────────────────────────────────────
[90m[2022-08-25 14:04:44] [39m訊息刪除 事件
成員：Timer#0000(1012240196122726480)
刪除者：Night_Shadow#0001 (985722712888578149)
位置：
伺服器 - 櫻花商店 (1007565442463842335) 
頻道 - #📦丨來抽獎 (1007587090869010432)
訊息內容： 
```json
[
  {
    "title": "**6 minutes and 29 seconds** left.",
    "type": "rich",
    "description": null,
    "url": null,
    "timestamp": null,
    "color": 5793266,
    "fields": [],
    "thumbnail": null,
    "image": null,
    "author": null,
    "footer": {
      "text": "Apollo timer",
      "icon_url": "https://cdn.discordapp.com/avatars/824119071556763668/6e2ce320c3347656af622ee1eca46ffc.png?size=1024"
    }
  }
]
```
 ╭───────────────────────────────────────────────────────────────────────────
[90m[2022-08-25 14:04:46] [39m訊息刪除 事件
成員：無法取得使成員 (??????)
刪除者：Night_Shadow#0001 (985722712888578149)
位置：
伺服器 - 櫻花商店 (1007565442463842335) 
頻道 - #📦丨來抽獎 (1007587090869010432)
訊息內容：null 
 ╭───────────────────────────────────────────────────────────────────────────
[90m[2022-08-25 14:04:46] [39m訊息刪除 事件
成員：無法取得使成員 (??????)
刪除者：Night_Shadow#0001 (985722712888578149)
位置：
伺服器 - 櫻花商店 (1007565442463842335) 
頻道 - #📦丨來抽獎 (1007587090869010432)
訊息內容：null 
 
[2022-08-25 14:04:48]  COMMAND｜/previous 刷新完成！ 
[2022-08-25 14:04:54]  COMMAND｜/queue 刷新完成！ ╭───────────────────────────────────────────────────────────────────────────
[90m[2022-08-25 14:04:55] [39m訊息創建 事件
成員：Night_Shadow#0001(985722712888578149)
位置：
- 伺服器 櫻花商店 (1007565442463842335) 
- 頻道 #💬丨跨群聊天 (1011492353502101554)
訊息(1012241143867641877)：&mine 
 
[2022-08-25 14:04:59]  COMMAND｜/resume 刷新完成！ 
[2022-08-25 14:05:04]  COMMAND｜/seek 刷新完成！ 
[2022-08-25 14:05:10]  COMMAND｜/shuffle 刷新完成！ 
[2022-08-25 14:05:15]  COMMAND｜/skip 刷新完成！ 
[2022-08-25 14:05:21]  COMMAND｜/stop 刷新完成！ 
[2022-08-25 14:05:26]  COMMAND｜/volume 刷新完成！ 
[2022-08-25 14:05:31]  COMMAND｜/developers 刷新完成！ 
[2022-08-25 14:05:37]  COMMAND｜/setting 刷新完成！ 
[2022-08-25 14:05:42]  COMMAND｜/setup 刷新完成！ ╭───────────────────────────────────────────────────────────────────────────
[90m[2022-08-25 14:06:05] [39m訊息創建 事件
成員：seanniu#2259(982596786717851709)
位置：
- 伺服器 櫻花商店 (1007565442463842335) 
- 頻道 #📦丨來抽獎 (1007587090869010432)
訊息(1012241435090755604)：2:30 no開單的話reroll 
 ╭───────────────────────────────────────────────────────────────────────────
[90m[2022-08-25 14:06:52] [39m交互創建 事件
成員：Kiawm91#0001(902523303795765248)
位置：
- 伺服器 櫻花商店 (1007565442463842335) 
- 頻道 #📎丨這裡打指令 (1007581428114002001)
[ (/)斜線 SlashCommand ] 命令(1012241633854640198)： /stop
 
[2022-08-25 14:18:55] 事件觸發｜clientUserGuildSettingsUpdate
[2022-08-25 14:18:55] 事件觸發｜clientUserSettingsUpdate
[2022-08-25 14:18:55] 事件觸發｜disconnect
[2022-08-25 14:18:55] 事件觸發｜reconnecting
[2022-08-25 14:18:55] 事件觸發｜debug
[2022-08-25 14:18:55] 事件觸發｜ready
[2022-08-25 14:18:55] 事件觸發｜errorManager
[2022-08-25 14:18:55] 事件觸發｜guildBanAdd
[2022-08-25 14:18:55] 事件觸發｜guildBanRemove
[2022-08-25 14:18:55] 事件觸發｜channelCreate
[2022-08-25 14:18:55] 事件觸發｜channelDelete
[2022-08-25 14:18:55] 事件觸發｜channelUpdate
[2022-08-25 14:18:55] 事件觸發｜channelPinsUpdate
[2022-08-25 14:18:55] 事件觸發｜emojiCreate
[2022-08-25 14:18:55] 事件觸發｜emojiDelete
[2022-08-25 14:18:55] 事件觸發｜emojiUpdate
[2022-08-25 14:18:55] 事件觸發｜guildCreate
[2022-08-25 14:18:55] 事件觸發｜guildDelete
[2022-08-25 14:18:55] 事件觸發｜guildUnavailable
[2022-08-25 14:18:55] 事件觸發｜guildUpdate
[2022-08-25 14:18:55] 事件觸發｜guildMemberSpeaking
[2022-08-25 14:18:55] 事件觸發｜guildMemberUpdate
[2022-08-25 14:18:55] 事件觸發｜guildMemberAdd
[2022-08-25 14:18:55] 事件觸發｜guildMemberAvailable
[2022-08-25 14:18:55] 事件觸發｜guildMemberRemove
[2022-08-25 14:18:55] 事件觸發｜guildMembersChunk
[2022-08-25 14:18:55] 事件觸發｜interactionCreate
[2022-08-25 14:18:55] 事件觸發｜messageCreate
[2022-08-25 14:18:55] 事件觸發｜messageDelete
[2022-08-25 14:18:55] 事件觸發｜error
[2022-08-25 14:18:55] 事件觸發｜messageUpdate
[2022-08-25 14:18:55] 事件觸發｜warn

[2022-08-25 14:18:56] 機器人成功上線！
[2022-08-25 14:18:58]  CONTEXTMENUS｜舉報訊息 刷新完成！ 
[2022-08-25 14:18:58]  COMMAND｜/help 刷新完成！ 
[2022-08-25 14:19:03]  COMMAND｜/info 刷新完成！ 
[2022-08-25 14:19:09]  COMMAND｜/invite 刷新完成！ 
[2022-08-25 14:19:14]  COMMAND｜/ping 刷新完成！ 
[2022-08-25 14:19:20]  COMMAND｜/report 刷新完成！ 
[2022-08-25 14:19:25]  COMMAND｜/bot 刷新完成！ 
[2022-08-25 14:19:31]  COMMAND｜/fun 刷新完成！ 
[2022-08-25 14:19:36]  COMMAND｜/giveaway 刷新完成！ 
[2022-08-25 14:19:42]  COMMAND｜/minecraft 刷新完成！ 
[2022-08-25 14:19:47]  COMMAND｜/together 刷新完成！ ╭───────────────────────────────────────────────────────────────────────────
[90m[2022-08-25 14:19:47] [39m交互創建 事件
成員：Kiawm91#0001(902523303795765248)
位置：
- 伺服器 櫻花商店 (1007565442463842335) 
- 頻道 #客服單-蘿《晨止》莉-萬萬歲歲 (1011999289741942805)
[ (/)斜線 SlashCommand ] 命令(1012244886415745045)： /help
 ╭───────────────────────────────────────────────────────────────────────────
[90m[2022-08-25 14:19:52] [39m交互創建 事件
成員：Kiawm91#0001(902523303795765248)
位置：
- 伺服器 櫻花商店 (1007565442463842335) 
- 頻道 #客服單-蘿《晨止》莉-萬萬歲歲 (1011999289741942805)
[ 選單 SelectMenus ] 命令(1012244905579520000)：help_menu ，選擇了 fun
 
[2022-08-25 14:19:52]  COMMAND｜/ban 刷新完成！ 
[2022-08-25 14:19:58]  COMMAND｜/kick 刷新完成！ 
[2022-08-25 14:20:03]  COMMAND｜/timeout 刷新完成！ 
[2022-08-25 14:20:09]  COMMAND｜/autoplay 刷新完成！ ╭───────────────────────────────────────────────────────────────────────────
[90m[2022-08-25 14:20:09] [39m訊息創建 事件
成員：Night_Shadow#0001(985722712888578149)
位置：
- 伺服器 櫻花商店 (1007565442463842335) 
- 頻道 #🤖丨管理員指令 (1008207029984309258)
訊息(1012244976052224061)：owo money 
 
[2022-08-25 14:20:14]  COMMAND｜/filter 刷新完成！ ╭───────────────────────────────────────────────────────────────────────────
[90m[2022-08-25 14:20:14] [39m交互創建 事件
成員：Kiawm91#0001(902523303795765248)
位置：
- 伺服器 櫻花商店 (1007565442463842335) 
- 頻道 #客服單-蘿《晨止》莉-萬萬歲歲 (1011999289741942805)
[ 選單 SelectMenus ] 命令(1012244998433021974)：help_menu ，選擇了 setup
 
[2022-08-25 14:20:20]  COMMAND｜/join 刷新完成！ 
[2022-08-25 14:20:25]  COMMAND｜/jump 刷新完成！ ╭───────────────────────────────────────────────────────────────────────────
[90m[2022-08-25 14:20:29] [39m訊息刪除 事件
成員：SakuraBOT | 櫻花機器人#2303(1011994661302321224)
刪除者：Kiawm91#0001 (902523303795765248)
位置：
伺服器 - 櫻花商店 (1007565442463842335) 
頻道 - #客服單-蘿《晨止》莉-萬萬歲歲 (1011999289741942805)
訊息內容： 
```json
[
  {
    "title": "Help 命令列表｜設置功能",
    "type": "rich",
    "description": "`<>` - 必填｜`[]` - 可選\n\n**設置功能**\n```diff\n/setup 設置功能\n  [channel] 頻道(無選擇則為指令執行之頻道)\n    ◟ chat-bot 一個聊天機器人\n    ◟ suggestions-channel 建議頻道\n    ◟ counting 一個數數字的頻道\n    ◟ 敬請期待！\n/setting 設定[開發人員暫定使用]\n    ◟ guild 伺服器系列\n        | bot-logger 設定機器人日誌輸出\n```",
    "url": null,
    "timestamp": null,
    "color": 14490119,
    "fields": [],
    "thumbnail": null,
    "image": null,
    "author": {
      "name": "SakuraBOT | 櫻花機器人 幫助介面",
      "icon_url": "https://cdn.discordapp.com/avatars/1011994661302321224/8b23d93c199c36edfa22bd67991f2455.webp"
    },
    "footer": null
  }
]
```
 
[2022-08-25 14:20:31]  COMMAND｜/leave 刷新完成！ 
[2022-08-25 14:20:36]  COMMAND｜/loop 刷新完成！ ╭───────────────────────────────────────────────────────────────────────────
[90m[2022-08-25 14:20:39] [39m訊息創建 事件
成員：Night_Shadow#0001(985722712888578149)
位置：
- 伺服器 櫻花商店 (1007565442463842335) 
- 頻道 #💒丨櫻花百貨公司 (1007579435836375151)
訊息(1012245103714242581)：owo give<@1002457553696993280>  100000 
 
[2022-08-25 14:20:41]  COMMAND｜/nowplaying 刷新完成！ ╭───────────────────────────────────────────────────────────────────────────
[90m[2022-08-25 14:20:47] [39m訊息創建 事件
成員：Night_Shadow#0001(985722712888578149)
位置：
- 伺服器 櫻花商店 (1007565442463842335) 
- 頻道 #💒丨櫻花百貨公司 (1007579435836375151)
訊息(1012245134563352576)：owo give <@1002457553696993280>  100000 
 
[2022-08-25 14:20:47]  COMMAND｜/pause 刷新完成！ 
[2022-08-25 14:20:53]  COMMAND｜/play 刷新完成！ ╭───────────────────────────────────────────────────────────────────────────
[90m[2022-08-25 14:20:57] [39m訊息創建 事件
成員：Night_Shadow#0001(985722712888578149)
位置：
- 伺服器 櫻花商店 (1007565442463842335) 
- 頻道 #💒丨櫻花百貨公司 (1007579435836375151)
訊息(1012245179127836682)：owo give <@1002457553696993280>  78000 
 
[2022-08-25 14:20:58]  COMMAND｜/previous 刷新完成！ ╭───────────────────────────────────────────────────────────────────────────
[90m[2022-08-25 14:20:59] [39m訊息刪除 事件
成員：Night_Shadow#0001(985722712888578149)
刪除者：Kiawm91#0001 (902523303795765248)
位置：
伺服器 - 櫻花商店 (1007565442463842335) 
頻道 - #💒丨櫻花百貨公司 (1007579435836375151)
訊息內容：owo give<@1002457553696993280>  100000 
 ╭───────────────────────────────────────────────────────────────────────────
[90m[2022-08-25 14:21:00] [39m訊息刪除 事件
成員：Night_Shadow#0001(985722712888578149)
刪除者：Kiawm91#0001 (902523303795765248)
位置：
伺服器 - 櫻花商店 (1007565442463842335) 
頻道 - #💒丨櫻花百貨公司 (1007579435836375151)
訊息內容：owo give <@1002457553696993280>  100000 
 ╭───────────────────────────────────────────────────────────────────────────
[90m[2022-08-25 14:21:02] [39m訊息刪除 事件
成員：OwO#8456(408785106942164992)
刪除者：Night_Shadow#0001 (985722712888578149)
位置：
伺服器 - 櫻花商店 (1007565442463842335) 
頻道 - #💒丨櫻花百貨公司 (1007579435836375151)
訊息內容：**🚫 | Night_Shadow**, **_AZ_** can only receive **78,000** more cowoncy today! 
 ╭───────────────────────────────────────────────────────────────────────────
[90m[2022-08-25 14:21:03] [39m訊息刪除 事件
成員：Night_Shadow#0001(985722712888578149)
刪除者：Night_Shadow#0001 (985722712888578149)
位置：
伺服器 - 櫻花商店 (1007565442463842335) 
頻道 - #💒丨櫻花百貨公司 (1007579435836375151)
訊息內容：owo give <@1002457553696993280>  78000 
 
[2022-08-25 14:21:03]  COMMAND｜/queue 刷新完成！ ╭───────────────────────────────────────────────────────────────────────────
[90m[2022-08-25 14:21:06] [39m訊息刪除 事件
成員：OwO#8456(408785106942164992)
刪除者：Night_Shadow#0001 (985722712888578149)
位置：
伺服器 - 櫻花商店 (1007565442463842335) 
頻道 - #💒丨櫻花百貨公司 (1007579435836375151)
訊息內容：**💳 | Night_Shadow** sent **78,000 cowoncy** to **_AZ_**! 
 
[2022-08-25 14:21:09]  COMMAND｜/resume 刷新完成！ 
[2022-08-25 14:21:14]  COMMAND｜/seek 刷新完成！ 
[2022-08-25 14:21:19]  COMMAND｜/shuffle 刷新完成！ ╭───────────────────────────────────────────────────────────────────────────
[90m[2022-08-25 14:21:23] [39m訊息創建 事件
成員：Kiawm91#0001(902523303795765248)
位置：
- 伺服器 櫻花商店 (1007565442463842335) 
- 頻道 #💒丨櫻花百貨公司 (1007579435836375151)
訊息(1012245285604433950)：a!snipe 
 
[2022-08-25 14:21:25]  COMMAND｜/skip 刷新完成！ ╭───────────────────────────────────────────────────────────────────────────
[90m[2022-08-25 14:21:27] [39m訊息刪除 事件
成員：無法取得使成員 (??????)
刪除者：Night_Shadow#0001 (985722712888578149)
位置：
伺服器 - 櫻花商店 (1007565442463842335) 
頻道 - #📦丨來抽獎 (1007587090869010432)
訊息內容：null 
 
[2022-08-25 14:21:30]  COMMAND｜/stop 刷新完成！ 
[2022-08-25 14:21:36]  COMMAND｜/volume 刷新完成！ 
[2022-08-25 14:21:41]  COMMAND｜/developers 刷新完成！ ╭───────────────────────────────────────────────────────────────────────────
[90m[2022-08-25 14:21:43] [39m訊息創建 事件
成員：Kiawm91#0001(902523303795765248)
位置：
- 伺服器 櫻花商店 (1007565442463842335) 
- 頻道 #💒丨櫻花百貨公司 (1007579435836375151)
訊息(1012245371071766550)：a!snipe all 
 
[2022-08-25 14:24:58]  INFO｜新成員加入社群 櫻花商店： >Wei_Chi<#5652 ╭───────────────────────────────────────────────────────────────────────────
[90m[2022-08-25 14:26:44] [39m交互創建 事件
成員：Kiawm91#0001(902523303795765248)
位置：
- 伺服器 櫻花商店 (1007565442463842335) 
- 頻道 #💒丨櫻花百貨公司 (1007579435836375151)
[ (/)斜線 SlashCommand ] 命令(1012246631707594782)： /play
 ╭───────────────────────────────────────────────────────────────────────────
[90m[2022-08-25 14:27:16] [39m訊息刪除 事件
成員：SakuraBOT | 櫻花機器人#2303(1011994661302321224)
刪除者：Kiawm91#0001 (902523303795765248)
位置：
伺服器 - 櫻花商店 (1007565442463842335) 
頻道 - #💒丨櫻花百貨公司 (1007579435836375151)
訊息內容：遇到錯誤： PlayError: https://www.youtube.com/watch?v=7tNtU5XFwrU
Invalid or unexpected token 
```json
[
  {
    "title": "NCS 24/7 - Copyright Free Music Livestream 🎵 @NoCopyrightSounds EDM...",
    "type": "rich",
    "description": "NoCopyrightSounds 24/7. 🎵 Streaming copyright free EDM music. Including Trap, House, Dubstep, Future House, Drumstep, Electronic. Free music for Gaming, Streaming, YouTube, Twitch.\n\nListen to the Spotify playlist: https://open.spotify.com/playlist/6FNtnOdtv1SpDleLuNOsdZ?si=4-iQoRNITCi9yDoQlgUJsw\n\n👾 NCS Arcade Merch: http://ncs.io/store\n\nBot Comm...",
    "url": "https://www.youtube.com/watch?v=7tNtU5XFwrU",
    "timestamp": null,
    "color": 16711680,
    "fields": [],
    "thumbnail": {
      "url": "https://i.ytimg.com/vi/7tNtU5XFwrU/maxresdefault_live.jpg",
      "proxyURL": "https://images-ext-1.discordapp.net/external/kDAGsGdHkpSoPrLLPeut1uhkPaEdSIGD8I2Pp7T3lok/https/i.ytimg.com/vi/7tNtU5XFwrU/maxresdefault_live.jpg",
      "height": 720,
      "width": 1280
    },
    "image": null,
    "author": {
      "name": "NCS Arcade",
      "url": "https://www.youtube.com/channel/UCiJnBO_XuDsi1SSRAmt4n5g"
    },
    "footer": null
  }
]
```
 ╭───────────────────────────────────────────────────────────────────────────
[90m[2022-08-25 14:27:18] [39m訊息刪除 事件
成員：SakuraBOT | 櫻花機器人#2303(1011994661302321224)
刪除者：Kiawm91#0001 (902523303795765248)
位置：
伺服器 - 櫻花商店 (1007565442463842335) 
頻道 - #💒丨櫻花百貨公司 (1007579435836375151)
訊息內容：已找到，正在處理！ :ok_hand: 
 ╭───────────────────────────────────────────────────────────────────────────
[90m[2022-08-25 14:27:32] [39m訊息創建 事件
成員：❀ℓσvεℓყ晨曦₰#7555(909038416363159592)
位置：
- 伺服器 櫻花商店 (1007565442463842335) 
- 頻道 #🛒丨跳蚤市場 (1007579755471716394)
訊息(1012246835118751846)：買了awa 
 
[2022-08-25 14:28:39] 事件觸發｜clientUserGuildSettingsUpdate
[2022-08-25 14:28:39] 事件觸發｜clientUserSettingsUpdate
[2022-08-25 14:28:39] 事件觸發｜disconnect
[2022-08-25 14:28:39] 事件觸發｜debug
[2022-08-25 14:28:39] 事件觸發｜error
[2022-08-25 14:28:39] 事件觸發｜warn
[2022-08-25 14:28:39] 事件觸發｜ready
[2022-08-25 14:28:39] 事件觸發｜reconnecting
[2022-08-25 14:28:39] 事件觸發｜errorManager
[2022-08-25 14:28:39] 事件觸發｜guildBanAdd
[2022-08-25 14:28:39] 事件觸發｜guildBanRemove
[2022-08-25 14:28:39] 事件觸發｜channelCreate
[2022-08-25 14:28:39] 事件觸發｜channelDelete
[2022-08-25 14:28:39] 事件觸發｜channelUpdate
[2022-08-25 14:28:39] 事件觸發｜channelPinsUpdate
[2022-08-25 14:28:39] 事件觸發｜emojiCreate
[2022-08-25 14:28:39] 事件觸發｜emojiDelete
[2022-08-25 14:28:39] 事件觸發｜emojiUpdate
[2022-08-25 14:28:39] 事件觸發｜guildCreate
[2022-08-25 14:28:39] 事件觸發｜guildDelete
[2022-08-25 14:28:39] 事件觸發｜guildUnavailable
[2022-08-25 14:28:39] 事件觸發｜guildUpdate
[2022-08-25 14:28:39] 事件觸發｜guildMemberUpdate
[2022-08-25 14:28:39] 事件觸發｜guildMemberSpeaking
[2022-08-25 14:28:39] 事件觸發｜guildMemberAdd
[2022-08-25 14:28:39] 事件觸發｜guildMemberAvailable
[2022-08-25 14:28:39] 事件觸發｜guildMemberRemove
[2022-08-25 14:28:39] 事件觸發｜guildMembersChunk
[2022-08-25 14:28:39] 事件觸發｜interactionCreate
[2022-08-25 14:28:39] 事件觸發｜messageCreate
[2022-08-25 14:28:39] 事件觸發｜messageDelete
[2022-08-25 14:28:39] 事件觸發｜messageUpdate

[2022-08-25 14:28:41] 機器人成功上線！╭───────────────────────────────────────────────────────────────────────────
[90m[2022-08-25 14:30:51] [39m訊息創建 事件
成員：ItzDENKO#0513(659039145779527680)
位置：
- 伺服器 櫻花商店 (1007565442463842335) 
- 頻道 #🛒丨跳蚤市場 (1007579755471716394)
訊息(1012247669164490762)：請領收！ 
 ╭───────────────────────────────────────────────────────────────────────────
[90m[2022-08-25 14:31:50] [39m訊息創建 事件
成員：❀ℓσvεℓყ晨曦₰#7555(909038416363159592)
位置：
- 伺服器 櫻花商店 (1007565442463842335) 
- 頻道 #🛒丨跳蚤市場 (1007579755471716394)
訊息(1012247918033502219)：ok等等ty 
 ╭───────────────────────────────────────────────────────────────────────────
[90m[2022-08-25 14:31:54] [39m訊息創建 事件
成員：ItzDENKO#0513(659039145779527680)
位置：
- 伺服器 櫻花商店 (1007565442463842335) 
- 頻道 #🛒丨跳蚤市場 (1007579755471716394)
訊息(1012247932969431040)：fa x1 35 NTD (不包含手續費)

多買有優惠

走8591
https://m.8591.com.tw/v3/mall/detail/2384967470?utm_source=android_share&utm_medium=m_android_share&utm_campaign=c_android_share 
```json
[
  {
    "title": "帳號-當個創世神(Minecraft)",
    "type": "rich",
    "description": "Minecraft Fa  account",
    "url": "https://m.8591.com.tw/v3/mall/detail/2384967470?utm_source=android_share&utm_medium=m_android_share&utm_campaign=c_android_share",
    "timestamp": null,
    "color": null,
    "fields": [],
    "thumbnail": {
      "url": "https://uploadcdn.8591.com.tw//ware/20220825/tcKT5Ra8A76LzlQhMOoBL54EtIlQT9HFUr8ibJ4G.png!t900x5999.jpg",
      "proxyURL": "https://images-ext-2.discordapp.net/external/Uc_msqPZX_yv1rcOveI3LNCRaJgu371F9GeRpzrHn14/https/uploadcdn.8591.com.tw//ware/20220825/tcKT5Ra8A76LzlQhMOoBL54EtIlQT9HFUr8ibJ4G.png%21t900x5999.jpg",
      "height": 314,
      "width": 600
    },
    "image": null,
    "author": null,
    "footer": null
  }
]
```
 ╭───────────────────────────────────────────────────────────────────────────
[90m[2022-08-25 14:35:58] [39m訊息創建 事件
成員：Kiawm91#0001(902523303795765248)
位置：
- 伺服器 櫻花商店 (1007565442463842335) 
- 頻道 #🛒丨跳蚤市場 (1007579755471716394)
訊息(1012248958430609408)：e 
 ╭───────────────────────────────────────────────────────────────────────────
[90m[2022-08-25 14:36:25] [39m訊息創建 事件
成員：Kiawm91#0001(902523303795765248)
位置：
- 私信頻道
訊息(1012249070263357440)：s 
 ╭───────────────────────────────────────────────────────────────────────────
[90m[2022-08-25 14:36:34] [39m訊息創建 事件
成員：Kiawm91#0001(902523303795765248)
位置：
- 私信頻道
訊息(1012249108620247050)：eee 
 ╭───────────────────────────────────────────────────────────────────────────
[90m[2022-08-25 14:36:57] [39m訊息創建 事件
成員：seanniu#2259(982596786717851709)
位置：
- 伺服器 櫻花商店 (1007565442463842335) 
- 頻道 #📦丨來抽獎 (1007587090869010432)
訊息(1012249205772914699)：a!timer 10m 
 ╭───────────────────────────────────────────────────────────────────────────
[90m[2022-08-25 14:38:19] [39m訊息創建 事件
成員：Night_Shadow#0001(985722712888578149)
位置：
- 伺服器 櫻花商店 (1007565442463842335) 
- 頻道 #💬丨跨群聊天 (1011492353502101554)
訊息(1012249545834516481)：&mine 
 
[2022-08-25 14:48:50] 事件觸發｜clientUserGuildSettingsUpdate
[2022-08-25 14:48:50] 事件觸發｜clientUserSettingsUpdate
[2022-08-25 14:48:50] 事件觸發｜debug
[2022-08-25 14:48:50] 事件觸發｜ready
[2022-08-25 14:48:50] 事件觸發｜disconnect
[2022-08-25 14:48:50] 事件觸發｜warn
[2022-08-25 14:48:50] 事件觸發｜reconnecting
[2022-08-25 14:48:50] 事件觸發｜guildBanAdd
[2022-08-25 14:48:50] 事件觸發｜errorManager
[2022-08-25 14:48:50] 事件觸發｜guildBanRemove
[2022-08-25 14:48:50] 事件觸發｜channelCreate
[2022-08-25 14:48:50] 事件觸發｜channelPinsUpdate
[2022-08-25 14:48:50] 事件觸發｜error
[2022-08-25 14:48:50] 事件觸發｜emojiCreate
[2022-08-25 14:48:50] 事件觸發｜channelUpdate
[2022-08-25 14:48:50] 事件觸發｜emojiDelete
[2022-08-25 14:48:50] 事件觸發｜channelDelete
[2022-08-25 14:48:50] 事件觸發｜emojiUpdate
[2022-08-25 14:48:50] 事件觸發｜guildCreate
[2022-08-25 14:48:50] 事件觸發｜guildUnavailable
[2022-08-25 14:48:50] 事件觸發｜guildDelete
[2022-08-25 14:48:50] 事件觸發｜guildUpdate
[2022-08-25 14:48:50] 事件觸發｜guildMemberSpeaking
[2022-08-25 14:48:50] 事件觸發｜guildMemberUpdate
[2022-08-25 14:48:50] 事件觸發｜guildMemberAdd
[2022-08-25 14:48:50] 事件觸發｜guildMemberAvailable
[2022-08-25 14:48:50] 事件觸發｜guildMemberRemove
[2022-08-25 14:48:50] 事件觸發｜guildMembersChunk
[2022-08-25 14:48:50] 事件觸發｜messageCreate
[2022-08-25 14:48:50] 事件觸發｜interactionCreate
[2022-08-25 14:48:50] 事件觸發｜messageUpdate
[2022-08-25 14:48:50] 事件觸發｜messageDelete

[2022-08-25 14:48:52] 機器人成功上線！╭───────────────────────────────────────────────────────────────────────────
[90m[2022-08-25 14:54:29] [39m訊息創建 事件
成員：Kiawm91#0001(902523303795765248)
位置：
- 私信頻道
訊息(1012253615836106802)：e 
 ╭───────────────────────────────────────────────────────────────────────────
[90m[2022-08-25 15:00:49] [39m訊息創建 事件
成員：Kiawm91#0001(902523303795765248)
位置：
- 私信頻道
訊息(1012255210179141793)：e 
 ╭───────────────────────────────────────────────────────────────────────────
[90m[2022-08-25 15:00:51] [39m訊息創建 事件
成員：Kiawm91#0001(902523303795765248)
位置：
- 私信頻道
訊息(1012255219360485448)：e 
 ╭───────────────────────────────────────────────────────────────────────────
[90m[2022-08-25 15:00:55] [39m訊息創建 事件
成員：Kiawm91#0001(902523303795765248)
位置：
- 私信頻道
訊息(1012255237375012895)：FUCK 
 ╭───────────────────────────────────────────────────────────────────────────
[90m[2022-08-25 15:01:18] [39m訊息創建 事件
成員：Kiawm91#0001(902523303795765248)
位置：
- 私信頻道
訊息(1012255332434722836)：1 
 ╭───────────────────────────────────────────────────────────────────────────
[90m[2022-08-25 15:01:45] [39m訊息創建 事件
成員：seanniu#2259(982596786717851709)
位置：
- 伺服器 櫻花商店 (1007565442463842335) 
- 頻道 #📦丨來抽獎 (1007587090869010432)
訊息(1012255445009834055)：<@691107390753603605> 
 ╭───────────────────────────────────────────────────────────────────────────
[90m[2022-08-25 15:01:49] [39m訊息創建 事件
成員：seanniu#2259(982596786717851709)
位置：
- 伺服器 櫻花商店 (1007565442463842335) 
- 頻道 #📦丨來抽獎 (1007587090869010432)
訊息(1012255463582216272)：a!timer 10m 
 
[2022-08-25 15:03:41]  INFO｜CHANNEL｜櫻花商店(1007565442463842335)  -單子 (1007587797613412392) : 客服單-𝑬𝒎𝒖𝒏(1012255931683311657) 文字頻道已創建！ ╭───────────────────────────────────────────────────────────────────────────
[90m[2022-08-25 15:03:42] [39m訊息刪除 事件
成員：Tickets#6981(508391840525975553)
刪除者：Kiawm91#0001 (902523303795765248)
位置：
伺服器 - 櫻花商店 (1007565442463842335) 
頻道 - #客服單-𝑬𝒎𝒖𝒏 (1012255931683311657)
訊息內容：<@&1007566331735986176><@&1007566677862518814> 
 ╭───────────────────────────────────────────────────────────────────────────
[90m[2022-08-25 15:03:57] [39m訊息創建 事件
成員：Night_Shadow#0001(985722712888578149)
位置：
- 伺服器 櫻花商店 (1007565442463842335) 
- 頻道 #客服單-𝑬𝒎𝒖𝒏 (1012255931683311657)
訊息(1012255999832371210)：hi 
 ╭───────────────────────────────────────────────────────────────────────────
[90m[2022-08-25 15:03:58] [39m訊息創建 事件
成員：𝑬𝒎𝒖𝒏#7777(691107390753603605)
位置：
- 伺服器 櫻花商店 (1007565442463842335) 
- 頻道 #客服單-𝑬𝒎𝒖𝒏 (1012255931683311657)
訊息(1012256005196886107)：嗨我要領獎 
 ╭───────────────────────────────────────────────────────────────────────────
[90m[2022-08-25 15:04:02] [39m訊息創建 事件
成員：Night_Shadow#0001(985722712888578149)
位置：
- 伺服器 櫻花商店 (1007565442463842335) 
- 頻道 #客服單-𝑬𝒎𝒖𝒏 (1012255931683311657)
訊息(1012256020560613386)：ok 
 ╭───────────────────────────────────────────────────────────────────────────
[90m[2022-08-25 15:04:15] [39m訊息創建 事件
成員：Night_Shadow#0001(985722712888578149)
位置：
- 伺服器 櫻花商店 (1007565442463842335) 
- 頻道 #客服單-𝑬𝒎𝒖𝒏 (1012255931683311657)
訊息(1012256075401142302)：<@982596786717851709> 
 ╭───────────────────────────────────────────────────────────────────────────
[90m[2022-08-25 15:04:38] [39m訊息創建 事件
成員：seanniu#2259(982596786717851709)
位置：
- 伺服器 櫻花商店 (1007565442463842335) 
- 頻道 #📦丨來抽獎 (1007587090869010432)
訊息(1012256170938990602)：gg 
 ╭───────────────────────────────────────────────────────────────────────────
[90m[2022-08-25 15:05:37] [39m訊息創建 事件
成員：seanniu#2259(982596786717851709)
位置：
- 伺服器 櫻花商店 (1007565442463842335) 
- 頻道 #客服單-𝑬𝒎𝒖𝒏 (1012255931683311657)
訊息(1012256419539583036)：<@691107390753603605>我少打了一個項目，除了xfa，還有一年份office 365個人版喔 
 ╭───────────────────────────────────────────────────────────────────────────
[90m[2022-08-25 15:05:49] [39m訊息創建 事件
成員：Night_Shadow#0001(985722712888578149)
位置：
- 伺服器 櫻花商店 (1007565442463842335) 
- 頻道 #客服單-𝑬𝒎𝒖𝒏 (1012255931683311657)
訊息(1012256467157516308)：<:thinking:863419217512366110> 
 ╭───────────────────────────────────────────────────────────────────────────
[90m[2022-08-25 15:05:52] [39m訊息創建 事件
成員：Night_Shadow#0001(985722712888578149)
位置：
- 伺服器 櫻花商店 (1007565442463842335) 
- 頻道 #客服單-𝑬𝒎𝒖𝒏 (1012255931683311657)
訊息(1012256483041366046)：故意的吧 
 ╭───────────────────────────────────────────────────────────────────────────
[90m[2022-08-25 15:06:03] [39m訊息創建 事件
成員：𝑬𝒎𝒖𝒏#7777(691107390753603605)
位置：
- 伺服器 櫻花商店 (1007565442463842335) 
- 頻道 #客服單-𝑬𝒎𝒖𝒏 (1012255931683311657)
訊息(1012256527047983147)：k 
 ╭───────────────────────────────────────────────────────────────────────────
[90m[2022-08-25 15:06:06] [39m訊息創建 事件
成員：seanniu#2259(982596786717851709)
位置：
- 伺服器 櫻花商店 (1007565442463842335) 
- 頻道 #客服單-𝑬𝒎𝒖𝒏 (1012255931683311657)
訊息(1012256538729119784)：我沒故意 
 ╭───────────────────────────────────────────────────────────────────────────
[90m[2022-08-25 15:06:12] [39m訊息創建 事件
成員：Night_Shadow#0001(985722712888578149)
位置：
- 伺服器 櫻花商店 (1007565442463842335) 
- 頻道 #客服單-𝑬𝒎𝒖𝒏 (1012255931683311657)
訊息(1012256565610422342)：<:emoji_owothink:1004697856139079710> 
 ╭───────────────────────────────────────────────────────────────────────────
[90m[2022-08-25 15:06:35] [39m訊息創建 事件
成員：𝑬𝒎𝒖𝒏#7777(691107390753603605)
位置：
- 伺服器 櫻花商店 (1007565442463842335) 
- 頻道 #客服單-𝑬𝒎𝒖𝒏 (1012255931683311657)
訊息(1012256660175212624)：<:PandaAdmire:978271949916614686> 
 ╭───────────────────────────────────────────────────────────────────────────
[90m[2022-08-25 15:06:50] [39m訊息創建 事件
成員：seanniu#2259(982596786717851709)
位置：
- 伺服器 櫻花商店 (1007565442463842335) 
- 頻道 #客服單-𝑬𝒎𝒖𝒏 (1012255931683311657)
訊息(1012256722959749190)：||Sakura284914@outlook.com
Sakura13491939||
**櫻花商店優質嗎**
<@691107390753603605> 
 ╭───────────────────────────────────────────────────────────────────────────
[90m[2022-08-25 15:07:03] [39m訊息創建 事件
成員：𝑬𝒎𝒖𝒏#7777(691107390753603605)
位置：
- 伺服器 櫻花商店 (1007565442463842335) 
- 頻道 #客服單-𝑬𝒎𝒖𝒏 (1012255931683311657)
訊息(1012256777976422450)：U爆 
 ╭───────────────────────────────────────────────────────────────────────────
[90m[2022-08-25 15:07:11] [39m訊息創建 事件
成員：seanniu#2259(982596786717851709)
位置：
- 伺服器 櫻花商店 (1007565442463842335) 
- 頻道 #客服單-𝑬𝒎𝒖𝒏 (1012255931683311657)
訊息(1012256811971256391)：ok awa 
 ╭───────────────────────────────────────────────────────────────────────────
[90m[2022-08-25 15:07:35] [39m訊息創建 事件
成員：seanniu#2259(982596786717851709)
位置：
- 伺服器 櫻花商店 (1007565442463842335) 
- 頻道 #客服單-𝑬𝒎𝒖𝒏 (1012255931683311657)
訊息(1012256912164794378)：請記得複製下來帳號，沒事的話請關單喔 
 
[2022-08-25 15:08:03]  INFO｜新的成員離開 櫻花商店： ﾟ*⑅ଘVeibae ♡LﾛVЁ♡ଓ⑅*˖ﾟ#0520 
[2022-08-25 15:08:12]  INFO｜CHANNEL｜櫻花商店(1007565442463842335)  -單子 (1007587797613412392) : 客服單-一塊軟軟的豆腐(1012257067244986428) 文字頻道已創建！ ╭───────────────────────────────────────────────────────────────────────────
[90m[2022-08-25 15:08:13] [39m訊息刪除 事件
成員：Tickets#6981(508391840525975553)
刪除者：Kiawm91#0001 (902523303795765248)
位置：
伺服器 - 櫻花商店 (1007565442463842335) 
頻道 - #客服單-一塊軟軟的豆腐 (1012257067244986428)
訊息內容：<@&1007566331735986176><@&1007566677862518814> 
 ╭───────────────────────────────────────────────────────────────────────────
[90m[2022-08-25 15:08:23] [39m訊息創建 事件
成員：Night_Shadow#0001(985722712888578149)
位置：
- 伺服器 櫻花商店 (1007565442463842335) 
- 頻道 #客服單-一塊軟軟的豆腐 (1012257067244986428)
訊息(1012257114061799434)：hi 
 ╭───────────────────────────────────────────────────────────────────────────
[90m[2022-08-25 15:08:56] [39m訊息創建 事件
成員：𝑬𝒎𝒖𝒏#7777(691107390753603605)
位置：
- 伺服器 櫻花商店 (1007565442463842335) 
- 頻道 #客服單-𝑬𝒎𝒖𝒏 (1012255931683311657)
訊息(1012257252771639366)：好的 
 ╭───────────────────────────────────────────────────────────────────────────
[90m[2022-08-25 15:09:08] [39m訊息創建 事件
成員：seanniu#2259(982596786717851709)
位置：
- 伺服器 櫻花商店 (1007565442463842335) 
- 頻道 #客服單-一塊軟軟的豆腐 (1012257067244986428)
訊息(1012257304403529768)：@<@800204785512218625>你是要領獎吧，抱歉因為您過久沒來領獎，已經重抽了 
 
[2022-08-25 15:09:13]  INFO｜CHANNEL｜櫻花商店(1007565442463842335)  -單子 (1007587797613412392)  : 客服單-𝑬𝒎𝒖𝒏 (1012255931683311657) 已刪除！ ╭───────────────────────────────────────────────────────────────────────────
[90m[2022-08-25 15:09:25] [39m訊息創建 事件
成員：一塊軟軟的豆腐#7483(800204785512218625)
位置：
- 伺服器 櫻花商店 (1007565442463842335) 
- 頻道 #客服單-一塊軟軟的豆腐 (1012257067244986428)
訊息(1012257377204043801)：......ok 
 ╭───────────────────────────────────────────────────────────────────────────
[90m[2022-08-25 15:09:38] [39m訊息創建 事件
成員：Kiawm91#0001(902523303795765248)
位置：
- 伺服器 櫻花商店 (1007565442463842335) 
- 頻道 #客服單-一塊軟軟的豆腐 (1012257067244986428)
訊息(1012257430761111562)：owo level disabletext 
 ╭───────────────────────────────────────────────────────────────────────────
[90m[2022-08-25 15:09:42] [39m訊息創建 事件
成員：一塊軟軟的豆腐#7483(800204785512218625)
位置：
- 伺服器 櫻花商店 (1007565442463842335) 
- 頻道 #客服單-一塊軟軟的豆腐 (1012257067244986428)
訊息(1012257445315358750)：剛下播 
 ╭───────────────────────────────────────────────────────────────────────────
[90m[2022-08-25 15:09:54] [39m訊息創建 事件
成員：Kiawm91#0001(902523303795765248)
位置：
- 伺服器 櫻花商店 (1007565442463842335) 
- 頻道 #客服單-一塊軟軟的豆腐 (1012257067244986428)
訊息(1012257497043710022)：owo level disabletext 
 ╭───────────────────────────────────────────────────────────────────────────
[90m[2022-08-25 15:10:00] [39m訊息創建 事件
成員：Kiawm91#0001(902523303795765248)
位置：
- 伺服器 櫻花商店 (1007565442463842335) 
- 頻道 #客服單-一塊軟軟的豆腐 (1012257067244986428)
訊息(1012257520351457311)：ww 
 ╭───────────────────────────────────────────────────────────────────────────
[90m[2022-08-25 15:10:13] [39m訊息創建 事件
成員：Kiawm91#0001(902523303795765248)
位置：
- 伺服器 櫻花商店 (1007565442463842335) 
- 頻道 #客服單-一塊軟軟的豆腐 (1012257067244986428)
訊息(1012257577695981648)：剛禁止完就升等 
 ╭───────────────────────────────────────────────────────────────────────────
[90m[2022-08-25 15:10:18] [39m訊息創建 事件
成員：Kiawm91#0001(902523303795765248)
位置：
- 伺服器 櫻花商店 (1007565442463842335) 
- 頻道 #💒丨聊天 (1007578239289532456)
訊息(1012257598722027582)：owo cash 
 ╭───────────────────────────────────────────────────────────────────────────
[90m[2022-08-25 15:10:21] [39m訊息創建 事件
成員：一塊軟軟的豆腐#7483(800204785512218625)
位置：
- 伺服器 櫻花商店 (1007565442463842335) 
- 頻道 #客服單-一塊軟軟的豆腐 (1012257067244986428)
訊息(1012257611904712756)：所以就沒了? 
 ╭───────────────────────────────────────────────────────────────────────────
[90m[2022-08-25 15:10:22] [39m訊息創建 事件
成員：seanniu#2259(982596786717851709)
位置：
- 伺服器 櫻花商店 (1007565442463842335) 
- 頻道 #🧾丨證明 (1008315122856501258)
訊息(1012257613565677608)：日誌: @emun 抽到xfa帳號x1
進度: 以領取
Payout人員: <@982596786717851709> https://cdn.discordapp.com/attachments/1008315122856501258/1012257612840054794/unknown.png
 ╭───────────────────────────────────────────────────────────────────────────
[90m[2022-08-25 15:10:24] [39m訊息創建 事件
成員：Kiawm91#0001(902523303795765248)
位置：
- 伺服器 櫻花商店 (1007565442463842335) 
- 頻道 #💒丨聊天 (1007578239289532456)
訊息(1012257622897991740)：owo top cash 
 ╭───────────────────────────────────────────────────────────────────────────
[90m[2022-08-25 15:10:39] [39m訊息創建 事件
成員：Kiawm91#0001(902523303795765248)
位置：
- 伺服器 櫻花商店 (1007565442463842335) 
- 頻道 #💒丨聊天 (1007578239289532456)
訊息(1012257684155793429)：owo s 5813 
 ╭───────────────────────────────────────────────────────────────────────────
[90m[2022-08-25 15:10:49] [39m訊息編輯 事件
成員：seanniu#2259 (982596786717851709)
位置
- 伺服器： 櫻花商店 (1007565442463842335) 
- 頻道： #🧾丨證明 (1008315122856501258)
訊息(1012257613565677608)
- 舊：日誌: @emun 抽到xfa帳號x1
進度: 以領取
Payout人員: <@982596786717851709> https://cdn.discordapp.com/attachments/1008315122856501258/1012257612840054794/unknown.png
- 新：日誌: <@691107390753603605> 抽到xfa帳號x1
進度: 以領取
Payout人員: <@982596786717851709> https://cdn.discordapp.com/attachments/1008315122856501258/1012257612840054794/unknown.png
 ╭───────────────────────────────────────────────────────────────────────────
[90m[2022-08-25 15:10:49] [39m訊息創建 事件
成員：Kiawm91#0001(902523303795765248)
位置：
- 伺服器 櫻花商店 (1007565442463842335) 
- 頻道 #💒丨聊天 (1007578239289532456)
訊息(1012257727558467584)：owo 
 ╭───────────────────────────────────────────────────────────────────────────
[90m[2022-08-25 15:10:56] [39m訊息創建 事件
成員：Kiawm91#0001(902523303795765248)
位置：
- 伺服器 櫻花商店 (1007565442463842335) 
- 頻道 #💒丨聊天 (1007578239289532456)
訊息(1012257755324756048)：owo s 10000 
 ╭───────────────────────────────────────────────────────────────────────────
[90m[2022-08-25 15:11:42] [39m訊息創建 事件
成員：Night_Shadow#0001(985722712888578149)
位置：
- 伺服器 櫻花商店 (1007565442463842335) 
- 頻道 #客服單-一塊軟軟的豆腐 (1012257067244986428)
訊息(1012257948094967838)：nice (x 
 ╭───────────────────────────────────────────────────────────────────────────
[90m[2022-08-25 15:11:53] [39m訊息創建 事件
成員：seanniu#2259(982596786717851709)
位置：
- 伺服器 櫻花商店 (1007565442463842335) 
- 頻道 #💒丨聊天丨2 (1011550938533740614)
訊息(1012257995645779998)：<@902523303795765248>一天最多開幾個抽獎來著 
 ╭───────────────────────────────────────────────────────────────────────────
[90m[2022-08-25 15:12:48] [39m訊息創建 事件
成員：Night_Shadow#0001(985722712888578149)
位置：
- 伺服器 櫻花商店 (1007565442463842335) 
- 頻道 #💒丨聊天丨2 (1011550938533740614)
訊息(1012258226349281360)：3 
 ╭───────────────────────────────────────────────────────────────────────────
[90m[2022-08-25 15:13:16] [39m訊息創建 事件
成員：popcorn#3094(868478583193075752)
位置：
- 伺服器 櫻花商店 (1007565442463842335) 
- 頻道 #🛒丨跳蚤市場 (1007579755471716394)
訊息(1012258343076778004)：超商? 
 ╭───────────────────────────────────────────────────────────────────────────
[90m[2022-08-25 15:14:00] [39m訊息創建 事件
成員：seanniu#2259(982596786717851709)
位置：
- 伺服器 櫻花商店 (1007565442463842335) 
- 頻道 #💒丨聊天丨2 (1011550938533740614)
訊息(1012258528813142038)：我還有一次嗎 
 ╭───────────────────────────────────────────────────────────────────────────
[90m[2022-08-25 15:14:15] [39m訊息創建 事件
成員：Night_Shadow#0001(985722712888578149)
位置：
- 伺服器 櫻花商店 (1007565442463842335) 
- 頻道 #💒丨聊天丨2 (1011550938533740614)
訊息(1012258589592780840)：idk 
 ╭───────────────────────────────────────────────────────────────────────────
[90m[2022-08-25 15:14:15] [39m訊息創建 事件
成員：Kiawm91#0001(902523303795765248)
位置：
- 伺服器 櫻花商店 (1007565442463842335) 
- 頻道 #💒丨聊天丨2 (1011550938533740614)
訊息(1012258592654643230)：3 
 ╭───────────────────────────────────────────────────────────────────────────
[90m[2022-08-25 15:14:27] [39m訊息創建 事件
成員：seanniu#2259(982596786717851709)
位置：
- 伺服器 櫻花商店 (1007565442463842335) 
- 頻道 #💒丨聊天丨2 (1011550938533740614)
訊息(1012258643497984041)：so l have 1 more? 
 ╭───────────────────────────────────────────────────────────────────────────
[90m[2022-08-25 15:15:57] [39m訊息創建 事件
成員：popcorn#3094(868478583193075752)
位置：
- 伺服器 櫻花商店 (1007565442463842335) 
- 頻道 #🛒丨跳蚤市場 (1007579755471716394)
訊息(1012259019563479093)：私你了 
 ╭───────────────────────────────────────────────────────────────────────────
[90m[2022-08-25 15:16:04] [39m訊息創建 事件
成員：popcorn#3094(868478583193075752)
位置：
- 伺服器 櫻花商店 (1007565442463842335) 
- 頻道 #💬丨聊天 (1007581373944565850)
訊息(1012259046692241468)：哭阿 
 ╭───────────────────────────────────────────────────────────────────────────
[90m[2022-08-25 15:16:18] [39m訊息創建 事件
成員：popcorn#3094(868478583193075752)
位置：
- 伺服器 櫻花商店 (1007565442463842335) 
- 頻道 #💬丨聊天 (1007581373944565850)
訊息(1012259109401272341)：中獎了 但是又錯過了:< 
 ╭───────────────────────────────────────────────────────────────────────────
[90m[2022-08-25 15:17:27] [39m訊息創建 事件
成員：Kiawm91#0001(902523303795765248)
位置：
- 伺服器 櫻花商店 (1007565442463842335) 
- 頻道 #💒丨聊天丨2 (1011550938533740614)
訊息(1012259397478649856)：y\ 
 ╭───────────────────────────────────────────────────────────────────────────
[90m[2022-08-25 15:18:08] [39m訊息創建 事件
成員：seanniu#2259(982596786717851709)
位置：
- 伺服器 櫻花商店 (1007565442463842335) 
- 頻道 #📦丨來抽獎 (1007587090869010432)
訊息(1012259568971173908)：no req
<@&1007580501550305430> enjoy! 
 ╭───────────────────────────────────────────────────────────────────────────
[90m[2022-08-25 15:18:48] [39m訊息創建 事件
成員：Kiawm91#0001(902523303795765248)
位置：
- 伺服器 櫻花商店 (1007565442463842335) 
- 頻道 #💒丨聊天 (1007578239289532456)
訊息(1012259737749954580)：<@981909905562816522> 改成1天tag五次 
 ╭───────────────────────────────────────────────────────────────────────────
[90m[2022-08-25 15:18:51] [39m訊息創建 事件
成員：Kiawm91#0001(902523303795765248)
位置：
- 伺服器 櫻花商店 (1007565442463842335) 
- 頻道 #💒丨聊天 (1007578239289532456)
訊息(1012259750379003904)：因為 
 ╭───────────────────────────────────────────────────────────────────────────
[90m[2022-08-25 15:18:55] [39m訊息創建 事件
成員：Kiawm91#0001(902523303795765248)
位置：
- 伺服器 櫻花商店 (1007565442463842335) 
- 頻道 #💒丨聊天 (1007578239289532456)
訊息(1012259766103441468)：要抽獎 
 ╭───────────────────────────────────────────────────────────────────────────
[90m[2022-08-25 15:18:58] [39m訊息創建 事件
成員：Kiawm91#0001(902523303795765248)
位置：
- 伺服器 櫻花商店 (1007565442463842335) 
- 頻道 #💒丨聊天 (1007578239289532456)
訊息(1012259778287915008)：不能抽 
 